<?xml version="1.0" encoding="UTF-8"?>
<!-- Generated by org.testng.reporters.JUnitReportReporter -->
<testsuite hostname="LPT-411" failures="0" tests="1" name="E2Eproject.validateTitle" time="0.000" errors="0" timestamp="2021-05-25T19:31:34 IST" skipped="1">
  <testcase classname="E2Eproject.validateTitle" name="validation" time="0.000">
    <skipped/>
  </testcase> <!-- validation -->
  <system-out/>
</testsuite> <!-- E2Eproject.validateTitle -->
