<?xml version="1.0" encoding="UTF-8"?>
<!-- Generated by org.testng.reporters.JUnitReportReporter -->
<testsuite hostname="LPT-411" failures="0" tests="1" name="E2Eproject.validation" time="10.192" errors="0" timestamp="2021-04-23T00:15:21 IST" skipped="0">
  <testcase classname="E2Eproject.validation" name="homepagenavigation" time="10.192"/>
  <system-out/>
</testsuite> <!-- E2Eproject.validation -->
