<?xml version="1.0" encoding="UTF-8"?>
<!-- Generated by org.testng.reporters.JUnitReportReporter -->
<testsuite hostname="LPT-411" failures="0" tests="2" name="E2Eproject.Homepage" time="0.000" errors="0" timestamp="2021-05-25T19:31:34 IST" skipped="2">
  <testcase classname="E2Eproject.Homepage" name="homepagenavigation" time="0.000">
    <skipped/>
  </testcase> <!-- homepagenavigation -->
  <system-out/>
  <testcase classname="E2Eproject.Homepage" name="homepagenavigation" time="0.000">
    <skipped/>
  </testcase> <!-- homepagenavigation -->
  <system-out/>
</testsuite> <!-- E2Eproject.Homepage -->
