<?xml version="1.0" encoding="UTF-8"?>
<!-- Generated by org.testng.reporters.JUnitReportReporter -->
<testsuite skipped="0" hostname="LPT-411" name="E2Eproject.Homepage" tests="2" failures="0" timestamp="2021-05-07T11:57:15 IST" time="32.176" errors="0">
  <testcase name="homepagenavigation" time="9.849" classname="E2Eproject.Homepage"/>
  <system-out/>
  <testcase name="homepagenavigation" time="22.327" classname="E2Eproject.Homepage"/>
  <system-out/>
</testsuite> <!-- E2Eproject.Homepage -->
