<?xml version="1.0" encoding="UTF-8"?>
<!-- Generated by org.testng.reporters.JUnitReportReporter -->
<testsuite skipped="0" hostname="LPT-411" name="E2Eproject.validationNavbar" tests="1" failures="0" timestamp="2021-05-07T11:57:15 IST" time="0.197" errors="0">
  <testcase name="navigationBar" time="0.197" classname="E2Eproject.validationNavbar"/>
  <system-out/>
</testsuite> <!-- E2Eproject.validationNavbar -->
